# JRE version: OpenJDK Runtime Environment Temurin-17.0.6+10 (17.0.6+10) (build 17.0.6+10)
# Java VM: OpenJDK 64-Bit Server VM Temurin-17.0.6+10 (17.0.6+10, mixed mode, sharing, tiered, compressed oops, compressed class ptrs, g1 gc, linux-amd64)
GC Precious Log:
 CPUs: 12 total, 12 available
 Memory: 63584M
 Large Page Support: Disabled
 NUMA Support: Disabled
 Compressed Oops: Enabled (32-bit)
 Heap Region Size: 4M
 Heap Min Capacity: 500M
 Heap Initial Capacity: 500M
 Heap Max Capacity: 500M
 Pre-touch: Enabled
 Parallel Workers: 10
 Concurrent Workers: 3
 Concurrent Refinement Workers: 10
 Periodic GC: Disabled
Heap:
 garbage-first heap   total 512000K, used 386748K [0x00000000e0c00000, 0x0000000100000000)
  region size 4096K, 25 young (102400K), 1 survivors (4096K)
 Metaspace       used 97039K, committed 97728K, reserved 1138688K
  class space    used 12392K, committed 12672K, reserved 1048576K
GC Heap History (20 events):
Event: 50833.285 GC heap before
{Heap before GC invocations=143 (full 0):
 garbage-first heap   total 512000K, used 325232K [0x00000000e0c00000, 0x0000000100000000)
  region size 4096K, 6 young (24576K), 1 survivors (4096K)
 Metaspace       used 96890K, committed 97536K, reserved 1138688K
  class space    used 12392K, committed 12672K, reserved 1048576K
}
Event: 50833.287 GC heap after
{Heap after GC invocations=144 (full 0):
 garbage-first heap   total 512000K, used 300881K [0x00000000e0c00000, 0x0000000100000000)
  region size 4096K, 1 young (4096K), 1 survivors (4096K)
 Metaspace       used 96890K, committed 97536K, reserved 1138688K
  class space    used 12392K, committed 12672K, reserved 1048576K
}
Event: 51175.201 GC heap before
{Heap before GC invocations=144 (full 0):
 garbage-first heap   total 512000K, used 431953K [0x00000000e0c00000, 0x0000000100000000)
  region size 4096K, 34 young (139264K), 1 survivors (4096K)
 Metaspace       used 96931K, committed 97664K, reserved 1138688K
  class space    used 12397K, committed 12672K, reserved 1048576K
}
Event: 51175.204 GC heap after
{Heap after GC invocations=145 (full 0):
 garbage-first heap   total 512000K, used 313304K [0x00000000e0c00000, 0x0000000100000000)
  region size 4096K, 4 young (16384K), 4 survivors (16384K)
 Metaspace       used 96931K, committed 97664K, reserved 1138688K
  class space    used 12397K, committed 12672K, reserved 1048576K
}
Event: 51719.765 GC heap before
{Heap before GC invocations=146 (full 0):
 garbage-first heap   total 512000K, used 423896K [0x00000000e0c00000, 0x0000000100000000)
  region size 4096K, 32 young (131072K), 4 survivors (16384K)
 Metaspace       used 96956K, committed 97664K, reserved 1138688K
  class space    used 12397K, committed 12672K, reserved 1048576K
}
Event: 51719.767 GC heap after
{Heap after GC invocations=147 (full 0):
 garbage-first heap   total 512000K, used 303360K [0x00000000e0c00000, 0x0000000100000000)
  region size 4096K, 1 young (4096K), 1 survivors (4096K)
 Metaspace       used 96956K, committed 97664K, reserved 1138688K
  class space    used 12397K, committed 12672K, reserved 1048576K
}
Event: 51892.244 GC heap before
{Heap before GC invocations=147 (full 0):
 garbage-first heap   total 512000K, used 323840K [0x00000000e0c00000, 0x0000000100000000)
  region size 4096K, 6 young (24576K), 1 survivors (4096K)
 Metaspace       used 96957K, committed 97664K, reserved 1138688K
  class space    used 12397K, committed 12672K, reserved 1048576K
}
Event: 51892.246 GC heap after
{Heap after GC invocations=148 (full 0):
 garbage-first heap   total 512000K, used 300072K [0x00000000e0c00000, 0x0000000100000000)
  region size 4096K, 1 young (4096K), 1 survivors (4096K)
 Metaspace       used 96957K, committed 97664K, reserved 1138688K
  class space    used 12397K, committed 12672K, reserved 1048576K
}
Event: 52822.593 GC heap before
{Heap before GC invocations=148 (full 0):
 garbage-first heap   total 512000K, used 431144K [0x00000000e0c00000, 0x0000000100000000)
  region size 4096K, 33 young (135168K), 1 survivors (4096K)
 Metaspace       used 96976K, committed 97664K, reserved 1138688K
  class space    used 12397K, committed 12672K, reserved 1048576K
}
Event: 52822.595 GC heap after
{Heap after GC invocations=149 (full 0):
 garbage-first heap   total 512000K, used 299954K [0x00000000e0c00000, 0x0000000100000000)
  region size 4096K, 1 young (4096K), 1 survivors (4096K)
 Metaspace       used 96976K, committed 97664K, reserved 1138688K
  class space    used 12397K, committed 12672K, reserved 1048576K
}
Event: 53494.967 GC heap before
{Heap before GC invocations=150 (full 0):
 garbage-first heap   total 512000K, used 426930K [0x00000000e0c00000, 0x0000000100000000)
  region size 4096K, 33 young (135168K), 1 survivors (4096K)
 Metaspace       used 96979K, committed 97664K, reserved 1138688K
  class space    used 12392K, committed 12672K, reserved 1048576K
}
Event: 53494.968 GC heap after
{Heap after GC invocations=151 (full 0):
 garbage-first heap   total 512000K, used 300140K [0x00000000e0c00000, 0x0000000100000000)
  region size 4096K, 1 young (4096K), 1 survivors (4096K)
 Metaspace       used 96979K, committed 97664K, reserved 1138688K
  class space    used 12392K, committed 12672K, reserved 1048576K
}
Event: 53584.294 GC heap before
{Heap before GC invocations=151 (full 0):
 garbage-first heap   total 512000K, used 320620K [0x00000000e0c00000, 0x0000000100000000)
  region size 4096K, 6 young (24576K), 1 survivors (4096K)
 Metaspace       used 96991K, committed 97664K, reserved 1138688K
  class space    used 12392K, committed 12672K, reserved 1048576K
}
Event: 53584.295 GC heap after
{Heap after GC invocations=152 (full 0):
 garbage-first heap   total 512000K, used 297938K [0x00000000e0c00000, 0x0000000100000000)
  region size 4096K, 1 young (4096K), 1 survivors (4096K)
 Metaspace       used 96991K, committed 97664K, reserved 1138688K
  class space    used 12392K, committed 12672K, reserved 1048576K
}
Event: 54022.367 GC heap before
{Heap before GC invocations=152 (full 0):
 garbage-first heap   total 512000K, used 433106K [0x00000000e0c00000, 0x0000000100000000)
  region size 4096K, 35 young (143360K), 1 survivors (4096K)
 Metaspace       used 97010K, committed 97728K, reserved 1138688K
  class space    used 12392K, committed 12672K, reserved 1048576K
}
Event: 54022.369 GC heap after
{Heap after GC invocations=153 (full 0):
 garbage-first heap   total 512000K, used 298361K [0x00000000e0c00000, 0x0000000100000000)
  region size 4096K, 1 young (4096K), 1 survivors (4096K)
 Metaspace       used 97010K, committed 97728K, reserved 1138688K
  class space    used 12392K, committed 12672K, reserved 1048576K
}
Event: 54575.809 GC heap before
{Heap before GC invocations=154 (full 0):
 garbage-first heap   total 512000K, used 433529K [0x00000000e0c00000, 0x0000000100000000)
  region size 4096K, 35 young (143360K), 1 survivors (4096K)
 Metaspace       used 97033K, committed 97728K, reserved 1138688K
  class space    used 12392K, committed 12672K, reserved 1048576K
}
Event: 54575.811 GC heap after
{Heap after GC invocations=155 (full 0):
 garbage-first heap   total 512000K, used 298611K [0x00000000e0c00000, 0x0000000100000000)
  region size 4096K, 1 young (4096K), 1 survivors (4096K)
 Metaspace       used 97033K, committed 97728K, reserved 1138688K
  class space    used 12392K, committed 12672K, reserved 1048576K
}
Event: 54652.339 GC heap before
{Heap before GC invocations=155 (full 0):
 garbage-first heap   total 512000K, used 319091K [0x00000000e0c00000, 0x0000000100000000)
  region size 4096K, 6 young (24576K), 1 survivors (4096K)
 Metaspace       used 97033K, committed 97728K, reserved 1138688K
  class space    used 12392K, committed 12672K, reserved 1048576K
}
Event: 54652.342 GC heap after
{Heap after GC invocations=156 (full 0):
 garbage-first heap   total 512000K, used 296636K [0x00000000e0c00000, 0x0000000100000000)
  region size 4096K, 1 young (4096K), 1 survivors (4096K)
 Metaspace       used 97033K, committed 97728K, reserved 1138688K
  class space    used 12392K, committed 12672K, reserved 1048576K
}

